# JRE version: OpenJDK Runtime Environment Temurin-21.0.12.1+1 (21.0.12.1+1) (build 21.0.12.1+1-LTS)
# Java VM: OpenJDK 64-Bit Server VM Temurin-21.0.12.1+1 (21.0.12.1+1-LTS, mixed mode, sharing, tiered, compressed oops, compressed class ptrs, parallel gc, windows-amd64)
GC Precious Log:
 CardTable entry size: 512
 CPUs: 16 total, 16 available
 Memory: 5828M
 Large Page Support: Disabled
 NUMA Support: Disabled
 Compressed Oops: Enabled (32-bit)
 Alignments: Space 512K, Generation 512K, Heap 2M
 Heap Min Capacity: 100M
 Heap Initial Capacity: 100M
 Heap Max Capacity: 2G
 Pre-touch: Disabled
 Parallel Workers: 13
Heap:
 PSYoungGen      total 6656K, used 6441K [0x00000000d5580000, 0x00000000d5d80000, 0x0000000100000000)
  eden space 6144K, 98% used [0x00000000d5580000,0x00000000d5b6a680,0x00000000d5b80000)
  from space 512K, 75% used [0x00000000d5d00000,0x00000000d5d60000,0x00000000d5d80000)
  to   space 512K, 0% used [0x00000000d5c80000,0x00000000d5c80000,0x00000000d5d00000)
 ParOldGen       total 994816K, used 994394K [0x0000000080000000, 0x00000000bcb80000, 0x00000000d5580000)
  object space 994816K, 99% used [0x0000000080000000,0x00000000bcb16898,0x00000000bcb80000)
 Metaspace       used 102541K, committed 104320K, reserved 1179648K
  class space    used 10251K, committed 11072K, reserved 1048576K
GC Heap History (20 events):
Event: 7118.192 GC heap before
{Heap before GC invocations=10403 (full 11):
 PSYoungGen      total 8192K, used 8169K [0x00000000d5580000, 0x00000000d6100000, 0x0000000100000000)
  eden space 6144K, 100% used [0x00000000d5580000,0x00000000d5b80000,0x00000000d5b80000)
  from space 2048K, 98% used [0x00000000d5e00000,0x00000000d5ffa6c8,0x00000000d6000000)
  to   space 2560K, 0% used [0x00000000d5b80000,0x00000000d5b80000,0x00000000d5e00000)
 ParOldGen       total 992768K, used 992321K [0x0000000080000000, 0x00000000bc980000, 0x00000000d5580000)
  object space 992768K, 99% used [0x0000000080000000,0x00000000bc910700,0x00000000bc980000)
 Metaspace       used 102520K, committed 104320K, reserved 1179648K
  class space    used 10251K, committed 11072K, reserved 1048576K
}
Event: 7118.198 GC heap after
{Heap after GC invocations=10403 (full 11):
 PSYoungGen      total 8192K, used 1837K [0x00000000d5580000, 0x00000000d5f80000, 0x0000000100000000)
  eden space 6144K, 0% used [0x00000000d5580000,0x00000000d5580000,0x00000000d5b80000)
  from space 2048K, 89% used [0x00000000d5b80000,0x00000000d5d4b610,0x00000000d5d80000)
  to   space 2048K, 0% used [0x00000000d5d80000,0x00000000d5d80000,0x00000000d5f80000)
 ParOldGen       total 992768K, used 992393K [0x0000000080000000, 0x00000000bc980000, 0x00000000d5580000)
  object space 992768K, 99% used [0x0000000080000000,0x00000000bc922700,0x00000000bc980000)
 Metaspace       used 102520K, committed 104320K, reserved 1179648K
  class space    used 10251K, committed 11072K, reserved 1048576K
}
Event: 7118.758 GC heap before
{Heap before GC invocations=10404 (full 11):
 PSYoungGen      total 8192K, used 7981K [0x00000000d5580000, 0x00000000d5f80000, 0x0000000100000000)
  eden space 6144K, 100% used [0x00000000d5580000,0x00000000d5b80000,0x00000000d5b80000)
  from space 2048K, 89% used [0x00000000d5b80000,0x00000000d5d4b610,0x00000000d5d80000)
  to   space 2048K, 0% used [0x00000000d5d80000,0x00000000d5d80000,0x00000000d5f80000)
 ParOldGen       total 992768K, used 992393K [0x0000000080000000, 0x00000000bc980000, 0x00000000d5580000)
  object space 992768K, 99% used [0x0000000080000000,0x00000000bc922700,0x00000000bc980000)
 Metaspace       used 102520K, committed 104320K, reserved 1179648K
  class space    used 10251K, committed 11072K, reserved 1048576K
}
Event: 7118.763 GC heap after
{Heap after GC invocations=10404 (full 11):
 PSYoungGen      total 7168K, used 1024K [0x00000000d5580000, 0x00000000d5e80000, 0x0000000100000000)
  eden space 6144K, 0% used [0x00000000d5580000,0x00000000d5580000,0x00000000d5b80000)
  from space 1024K, 100% used [0x00000000d5d80000,0x00000000d5e80000,0x00000000d5e80000)
  to   space 1536K, 0% used [0x00000000d5b80000,0x00000000d5b80000,0x00000000d5d00000)
 ParOldGen       total 993280K, used 993201K [0x0000000080000000, 0x00000000bca00000, 0x00000000d5580000)
  object space 993280K, 99% used [0x0000000080000000,0x00000000bc9ec430,0x00000000bca00000)
 Metaspace       used 102520K, committed 104320K, reserved 1179648K
  class space    used 10251K, committed 11072K, reserved 1048576K
}
Event: 7121.608 GC heap before
{Heap before GC invocations=10405 (full 11):
 PSYoungGen      total 7168K, used 7168K [0x00000000d5580000, 0x00000000d5e80000, 0x0000000100000000)
  eden space 6144K, 100% used [0x00000000d5580000,0x00000000d5b80000,0x00000000d5b80000)
  from space 1024K, 100% used [0x00000000d5d80000,0x00000000d5e80000,0x00000000d5e80000)
  to   space 1536K, 0% used [0x00000000d5b80000,0x00000000d5b80000,0x00000000d5d00000)
 ParOldGen       total 993280K, used 993201K [0x0000000080000000, 0x00000000bca00000, 0x00000000d5580000)
  object space 993280K, 99% used [0x0000000080000000,0x00000000bc9ec430,0x00000000bca00000)
 Metaspace       used 102522K, committed 104320K, reserved 1179648K
  class space    used 10251K, committed 11072K, reserved 1048576K
}
Event: 7121.610 GC heap after
{Heap after GC invocations=10405 (full 11):
 PSYoungGen      total 7680K, used 416K [0x00000000d5580000, 0x00000000d5e00000, 0x0000000100000000)
  eden space 6144K, 0% used [0x00000000d5580000,0x00000000d5580000,0x00000000d5b80000)
  from space 1536K, 27% used [0x00000000d5b80000,0x00000000d5be8000,0x00000000d5d00000)
  to   space 1024K, 0% used [0x00000000d5d00000,0x00000000d5d00000,0x00000000d5e00000)
 ParOldGen       total 994304K, used 994058K [0x0000000080000000, 0x00000000bcb00000, 0x00000000d5580000)
  object space 994304K, 99% used [0x0000000080000000,0x00000000bcac2898,0x00000000bcb00000)
 Metaspace       used 102522K, committed 104320K, reserved 1179648K
  class space    used 10251K, committed 11072K, reserved 1048576K
}
Event: 7124.563 GC heap before
{Heap before GC invocations=10406 (full 11):
 PSYoungGen      total 7680K, used 6560K [0x00000000d5580000, 0x00000000d5e00000, 0x0000000100000000)
  eden space 6144K, 100% used [0x00000000d5580000,0x00000000d5b80000,0x00000000d5b80000)
  from space 1536K, 27% used [0x00000000d5b80000,0x00000000d5be8000,0x00000000d5d00000)
  to   space 1024K, 0% used [0x00000000d5d00000,0x00000000d5d00000,0x00000000d5e00000)
 ParOldGen       total 994304K, used 994058K [0x0000000080000000, 0x00000000bcb00000, 0x00000000d5580000)
  object space 994304K, 99% used [0x0000000080000000,0x00000000bcac2898,0x00000000bcb00000)
 Metaspace       used 102522K, committed 104320K, reserved 1179648K
  class space    used 10251K, committed 11072K, reserved 1048576K
}
Event: 7124.565 GC heap after
{Heap after GC invocations=10406 (full 11):
 PSYoungGen      total 6656K, used 384K [0x00000000d5580000, 0x00000000d5d80000, 0x0000000100000000)
  eden space 6144K, 0% used [0x00000000d5580000,0x00000000d5580000,0x00000000d5b80000)
  from space 512K, 75% used [0x00000000d5d00000,0x00000000d5d60000,0x00000000d5d80000)
  to   space 512K, 0% used [0x00000000d5c80000,0x00000000d5c80000,0x00000000d5d00000)
 ParOldGen       total 994304K, used 994138K [0x0000000080000000, 0x00000000bcb00000, 0x00000000d5580000)
  object space 994304K, 99% used [0x0000000080000000,0x00000000bcad6898,0x00000000bcb00000)
 Metaspace       used 102522K, committed 104320K, reserved 1179648K
  class space    used 10251K, committed 11072K, reserved 1048576K
}
Event: 7124.966 GC heap before
{Heap before GC invocations=10407 (full 11):
 PSYoungGen      total 6656K, used 6528K [0x00000000d5580000, 0x00000000d5d80000, 0x0000000100000000)
  eden space 6144K, 100% used [0x00000000d5580000,0x00000000d5b80000,0x00000000d5b80000)
  from space 512K, 75% used [0x00000000d5d00000,0x00000000d5d60000,0x00000000d5d80000)
  to   space 512K, 0% used [0x00000000d5c80000,0x00000000d5c80000,0x00000000d5d00000)
 ParOldGen       total 994304K, used 994138K [0x0000000080000000, 0x00000000bcb00000, 0x00000000d5580000)
  object space 994304K, 99% used [0x0000000080000000,0x00000000bcad6898,0x00000000bcb00000)
 Metaspace       used 102523K, committed 104320K, reserved 1179648K
  class space    used 10251K, committed 11072K, reserved 1048576K
}
Event: 7124.968 GC heap after
{Heap after GC invocations=10407 (full 11):
 PSYoungGen      total 6656K, used 384K [0x00000000d5580000, 0x00000000d5d80000, 0x0000000100000000)
  eden space 6144K, 0% used [0x00000000d5580000,0x00000000d5580000,0x00000000d5b80000)
  from space 512K, 75% used [0x00000000d5c80000,0x00000000d5ce0000,0x00000000d5d00000)
  to   space 512K, 0% used [0x00000000d5d00000,0x00000000d5d00000,0x00000000d5d80000)
 ParOldGen       total 994304K, used 994218K [0x0000000080000000, 0x00000000bcb00000, 0x00000000d5580000)
  object space 994304K, 99% used [0x0000000080000000,0x00000000bcaea898,0x00000000bcb00000)
 Metaspace       used 102523K, committed 104320K, reserved 1179648K
  class space    used 10251K, committed 11072K, reserved 1048576K
}
Event: 7127.525 GC heap before
{Heap before GC invocations=10408 (full 11):
 PSYoungGen      total 6656K, used 6528K [0x00000000d5580000, 0x00000000d5d80000, 0x0000000100000000)
  eden space 6144K, 100% used [0x00000000d5580000,0x00000000d5b80000,0x00000000d5b80000)
  from space 512K, 75% used [0x00000000d5c80000,0x00000000d5ce0000,0x00000000d5d00000)
  to   space 512K, 0% used [0x00000000d5d00000,0x00000000d5d00000,0x00000000d5d80000)
 ParOldGen       total 994304K, used 994218K [0x0000000080000000, 0x00000000bcb00000, 0x00000000d5580000)
  object space 994304K, 99% used [0x0000000080000000,0x00000000bcaea898,0x00000000bcb00000)
 Metaspace       used 102523K, committed 104320K, reserved 1179648K
  class space    used 10251K, committed 11072K, reserved 1048576K
}
Event: 7127.527 GC heap after
{Heap after GC invocations=10408 (full 11):
 PSYoungGen      total 6656K, used 384K [0x00000000d5580000, 0x00000000d5d80000, 0x0000000100000000)
  eden space 6144K, 0% used [0x00000000d5580000,0x00000000d5580000,0x00000000d5b80000)
  from space 512K, 75% used [0x00000000d5d00000,0x00000000d5d60000,0x00000000d5d80000)
  to   space 512K, 0% used [0x00000000d5c80000,0x00000000d5c80000,0x00000000d5d00000)
 ParOldGen       total 994816K, used 994306K [0x0000000080000000, 0x00000000bcb80000, 0x00000000d5580000)
  object space 994816K, 99% used [0x0000000080000000,0x00000000bcb00898,0x00000000bcb80000)
 Metaspace       used 102523K, committed 104320K, reserved 1179648K
  class space    used 10251K, committed 11072K, reserved 1048576K
}
Event: 7128.255 GC heap before
{Heap before GC invocations=10409 (full 11):
 PSYoungGen      total 6656K, used 6528K [0x00000000d5580000, 0x00000000d5d80000, 0x0000000100000000)
  eden space 6144K, 100% used [0x00000000d5580000,0x00000000d5b80000,0x00000000d5b80000)
  from space 512K, 75% used [0x00000000d5d00000,0x00000000d5d60000,0x00000000d5d80000)
  to   space 512K, 0% used [0x00000000d5c80000,0x00000000d5c80000,0x00000000d5d00000)
 ParOldGen       total 994816K, used 994306K [0x0000000080000000, 0x00000000bcb80000, 0x00000000d5580000)
  object space 994816K, 99% used [0x0000000080000000,0x00000000bcb00898,0x00000000bcb80000)
 Metaspace       used 102523K, committed 104320K, reserved 1179648K
  class space    used 10251K, committed 11072K, reserved 1048576K
}
Event: 7128.257 GC heap after
{Heap after GC invocations=10409 (full 11):
 PSYoungGen      total 6656K, used 384K [0x00000000d5580000, 0x00000000d5d80000, 0x0000000100000000)
  eden space 6144K, 0% used [0x00000000d5580000,0x00000000d5580000,0x00000000d5b80000)
  from space 512K, 75% used [0x00000000d5c80000,0x00000000d5ce0000,0x00000000d5d00000)
  to   space 512K, 0% used [0x00000000d5d00000,0x00000000d5d00000,0x00000000d5d80000)
 ParOldGen       total 994816K, used 994394K [0x0000000080000000, 0x00000000bcb80000, 0x00000000d5580000)
  object space 994816K, 99% used [0x0000000080000000,0x00000000bcb16898,0x00000000bcb80000)
 Metaspace       used 102523K, committed 104320K, reserved 1179648K
  class space    used 10251K, committed 11072K, reserved 1048576K
}
Event: 7131.385 GC heap before
{Heap before GC invocations=10410 (full 11):
 PSYoungGen      total 6656K, used 6528K [0x00000000d5580000, 0x00000000d5d80000, 0x0000000100000000)
  eden space 6144K, 100% used [0x00000000d5580000,0x00000000d5b80000,0x00000000d5b80000)
  from space 512K, 75% used [0x00000000d5c80000,0x00000000d5ce0000,0x00000000d5d00000)
  to   space 512K, 0% used [0x00000000d5d00000,0x00000000d5d00000,0x00000000d5d80000)
 ParOldGen       total 994816K, used 994394K [0x0000000080000000, 0x00000000bcb80000, 0x00000000d5580000)
  object space 994816K, 99% used [0x0000000080000000,0x00000000bcb16898,0x00000000bcb80000)
 Metaspace       used 102523K, committed 104320K, reserved 1179648K
  class space    used 10251K, committed 11072K, reserved 1048576K
}
Event: 7131.388 GC heap after
{Heap after GC invocations=10410 (full 11):
 PSYoungGen      total 6656K, used 384K [0x00000000d5580000, 0x00000000d5d80000, 0x0000000100000000)
  eden space 6144K, 0% used [0x00000000d5580000,0x00000000d5580000,0x00000000d5b80000)
  from space 512K, 75% used [0x00000000d5d00000,0x00000000d5d60000,0x00000000d5d80000)
  to   space 512K, 0% used [0x00000000d5c80000,0x00000000d5c80000,0x00000000d5d00000)
 ParOldGen       total 994816K, used 994394K [0x0000000080000000, 0x00000000bcb80000, 0x00000000d5580000)
  object space 994816K, 99% used [0x0000000080000000,0x00000000bcb16898,0x00000000bcb80000)
 Metaspace       used 102523K, committed 104320K, reserved 1179648K
  class space    used 10251K, committed 11072K, reserved 1048576K
}
Event: 7134.658 GC heap before
{Heap before GC invocations=10411 (full 11):
 PSYoungGen      total 6656K, used 6528K [0x00000000d5580000, 0x00000000d5d80000, 0x0000000100000000)
  eden space 6144K, 100% used [0x00000000d5580000,0x00000000d5b80000,0x00000000d5b80000)
  from space 512K, 75% used [0x00000000d5d00000,0x00000000d5d60000,0x00000000d5d80000)
  to   space 512K, 0% used [0x00000000d5c80000,0x00000000d5c80000,0x00000000d5d00000)
 ParOldGen       total 994816K, used 994394K [0x0000000080000000, 0x00000000bcb80000, 0x00000000d5580000)
  object space 994816K, 99% used [0x0000000080000000,0x00000000bcb16898,0x00000000bcb80000)
 Metaspace       used 102536K, committed 104320K, reserved 1179648K
  class space    used 10251K, committed 11072K, reserved 1048576K
}
Event: 7134.659 GC heap after
{Heap after GC invocations=10411 (full 11):
 PSYoungGen      total 6656K, used 416K [0x00000000d5580000, 0x00000000d5d80000, 0x0000000100000000)
  eden space 6144K, 0% used [0x00000000d5580000,0x00000000d5580000,0x00000000d5b80000)
  from space 512K, 81% used [0x00000000d5c80000,0x00000000d5ce8000,0x00000000d5d00000)
  to   space 512K, 0% used [0x00000000d5d00000,0x00000000d5d00000,0x00000000d5d80000)
 ParOldGen       total 994816K, used 994394K [0x0000000080000000, 0x00000000bcb80000, 0x00000000d5580000)
  object space 994816K, 99% used [0x0000000080000000,0x00000000bcb16898,0x00000000bcb80000)
 Metaspace       used 102536K, committed 104320K, reserved 1179648K
  class space    used 10251K, committed 11072K, reserved 1048576K
}
Event: 7135.101 GC heap before
{Heap before GC invocations=10412 (full 11):
 PSYoungGen      total 6656K, used 6560K [0x00000000d5580000, 0x00000000d5d80000, 0x0000000100000000)
  eden space 6144K, 100% used [0x00000000d5580000,0x00000000d5b80000,0x00000000d5b80000)
  from space 512K, 81% used [0x00000000d5c80000,0x00000000d5ce8000,0x00000000d5d00000)
  to   space 512K, 0% used [0x00000000d5d00000,0x00000000d5d00000,0x00000000d5d80000)
 ParOldGen       total 994816K, used 994394K [0x0000000080000000, 0x00000000bcb80000, 0x00000000d5580000)
  object space 994816K, 99% used [0x0000000080000000,0x00000000bcb16898,0x00000000bcb80000)
 Metaspace       used 102537K, committed 104320K, reserved 1179648K
  class space    used 10251K, committed 11072K, reserved 1048576K
}
Event: 7135.102 GC heap after
{Heap after GC invocations=10412 (full 11):
 PSYoungGen      total 6656K, used 384K [0x00000000d5580000, 0x00000000d5d80000, 0x0000000100000000)
  eden space 6144K, 0% used [0x00000000d5580000,0x00000000d5580000,0x00000000d5b80000)
  from space 512K, 75% used [0x00000000d5d00000,0x00000000d5d60000,0x00000000d5d80000)
  to   space 512K, 0% used [0x00000000d5c80000,0x00000000d5c80000,0x00000000d5d00000)
 ParOldGen       total 994816K, used 994394K [0x0000000080000000, 0x00000000bcb80000, 0x00000000d5580000)
  object space 994816K, 99% used [0x0000000080000000,0x00000000bcb16898,0x00000000bcb80000)
 Metaspace       used 102537K, committed 104320K, reserved 1179648K
  class space    used 10251K, committed 11072K, reserved 1048576K
}

